<?xml version="1.0" encoding="UTF-8"?>
<!-- Generated by org.testng.reporters.JUnitReportReporter -->
<testsuite hostname="DESKTOP-BBGHJEO" failures="0" tests="1" name="sample.Demo" time="0.017" errors="0" timestamp="2023-08-04T18:40:38 IST" skipped="0">
  <testcase classname="sample.Demo" name="sample" time="0.017"/>
  <system-out/>
</testsuite> <!-- sample.Demo -->
