<?xml version="1.0" encoding="UTF-8"?>
<!-- Generated by org.testng.reporters.JUnitReportReporter -->
<testsuite hostname="DESKTOP-BBGHJEO" failures="0" tests="1" name="sample.Sample" time="0.021" errors="0" timestamp="2023-08-07T10:07:48 IST" skipped="0">
  <testcase classname="sample.Sample" name="sample" time="0.021"/>
  <system-out/>
</testsuite> <!-- sample.Sample -->
