<?xml version="1.0" encoding="UTF-8"?>
<!-- Generated by org.testng.reporters.JUnitReportReporter -->
<testsuite hostname="DESKTOP-BBGHJEO" failures="0" tests="1" name="sample.Demo" time="0.018" errors="0" timestamp="2023-08-06T23:51:06 IST" skipped="0">
  <testcase classname="sample.Demo" name="sample" time="0.018"/>
  <system-out/>
</testsuite> <!-- sample.Demo -->
