<?xml version="1.0" encoding="UTF-8"?>
<!-- Generated by org.testng.reporters.JUnitReportReporter -->
<<<<<<< HEAD
<testsuite hostname="DESKTOP-BBGHJEO" failures="0" tests="1" name="sample.Sample" time="0.016" errors="0" timestamp="2023-08-07T10:14:49 IST" skipped="0">
  <testcase classname="sample.Sample" name="sample" time="0.016"/>
=======
<testsuite hostname="DESKTOP-BBGHJEO" failures="0" tests="1" name="sample.Sample" time="0.021" errors="0" timestamp="2023-08-07T10:07:48 IST" skipped="0">
  <testcase classname="sample.Sample" name="sample" time="0.021"/>
>>>>>>> branch 'master' of https://github.com/kavithasam2809/gitSample1.git
  <system-out/>
</testsuite> <!-- sample.Sample -->
