<?xml version="1.0" encoding="UTF-8"?>
<!-- Generated by org.testng.reporters.JUnitReportReporter -->
<testsuite hostname="DESKTOP-BBGHJEO" failures="0" tests="1" name="sample.Demo" time="0.014" errors="0" timestamp="2023-08-07T10:27:45 IST" skipped="0">
  <testcase classname="sample.Demo" name="sample" time="0.014"/>
  <system-out/>
</testsuite> <!-- sample.Demo -->
