<?xml version="1.0" encoding="UTF-8"?>
<!-- Generated by org.testng.reporters.JUnitReportReporter -->
<testsuite hostname="DESKTOP-BBGHJEO" failures="0" tests="1" name="sample.Sample" time="0.024" errors="0" timestamp="2023-08-04T18:22:17 IST" skipped="0">
  <testcase classname="sample.Sample" name="sample" time="0.024"/>
  <system-out/>
</testsuite> <!-- sample.Sample -->
